<?xml version="1.0" encoding="utf-8"?><testsuites name="pytest tests"><testsuite name="pytest" errors="0" failures="0" skipped="0" tests="14" time="4.950" timestamp="2026-03-04T14:25:09.809302+00:00" hostname="agent-env-bf166053-4d5a-4cc7-83d4-8b2a6431af83"><testcase classname="backend.tests.test_flashcards.TestAuthEndpoints" name="test_signup_new_user" time="0.224" /><testcase classname="backend.tests.test_flashcards.TestAuthEndpoints" name="test_login_valid_credentials" time="0.286" /><testcase classname="backend.tests.test_flashcards.TestAuthEndpoints" name="test_login_invalid_credentials" time="0.133" /><testcase classname="backend.tests.test_flashcards.TestFlashcardCRUD" name="test_create_flashcard_set" time="0.389" /><testcase classname="backend.tests.test_flashcards.TestFlashcardCRUD" name="test_get_all_flashcard_sets" time="0.352" /><testcase classname="backend.tests.test_flashcards.TestFlashcardCRUD" name="test_get_single_flashcard_set" time="0.355" /><testcase classname="backend.tests.test_flashcards.TestFlashcardCRUD" name="test_get_nonexistent_flashcard_set" time="0.306" /><testcase classname="backend.tests.test_flashcards.TestFlashcardCRUD" name="test_update_flashcard_set" time="0.470" /><testcase classname="backend.tests.test_flashcards.TestFlashcardCRUD" name="test_delete_flashcard_set" time="0.435" /><testcase classname="backend.tests.test_flashcards.TestFlashcardCRUD" name="test_delete_nonexistent_flashcard_set" time="0.293" /><testcase classname="backend.tests.test_flashcards.TestFlashcardValidation" name="test_create_without_auth" time="0.350" /><testcase classname="backend.tests.test_flashcards.TestFlashcardValidation" name="test_create_with_empty_flashcards" time="0.291" /><testcase classname="backend.tests.test_flashcards.TestMeEndpoint" name="test_get_current_user" time="0.292" /><testcase classname="backend.tests.test_flashcards.TestMeEndpoint" name="test_get_current_user_without_auth" time="0.535" /></testsuite></testsuites>